<?xml version="1.0" encoding="UTF-8"?>
<!-- Generated by org.testng.reporters.JUnitXMLReporter -->
<testsuite ignored="0" hostname="Mds-MacBook-Pro" failures="1" tests="1" name="Test" time="0.042" errors="0" timestamp="2023-07-09T03:34:02 EDT">
  <testcase classname="com.dockerjenkinsmaven.www.tests.homeTest" name="testmethod" time="0.008">
    <failure type="java.lang.NullPointerException">
      <![CDATA[java.lang.NullPointerException
at com.dockerjenkinsmaven.www.tests.homeTest.testmethod(homeTest.java:22)
at java.base/java.util.ArrayList.forEach(ArrayList.java:1540)
... Removed 27 stack frames]]>
    </failure>
  </testcase> <!-- testmethod -->
</testsuite> <!-- Test -->
