<?xml version="1.0" encoding="UTF-8"?>
<testng-results ignored="0" total="1" passed="1" failed="0" skipped="0">
  <reporter-output>
  </reporter-output>
  <suite started-at="2023-07-09T01:28:01 EDT" name="Suite" finished-at="2023-07-09T01:28:09 EDT" duration-ms="7632">
    <groups>
    </groups>
    <test started-at="2023-07-09T01:28:01 EDT" name="Test" finished-at="2023-07-09T01:28:09 EDT" duration-ms="7632">
      <class name="com.dockerjenkinsmaven.www.tests.homeTest">
        <test-method signature="testmethod()[pri:0, instance:com.dockerjenkinsmaven.www.tests.homeTest@3e2e18f2]" started-at="2023-07-09T01:28:01 EDT" name="testmethod" finished-at="2023-07-09T01:28:09 EDT" duration-ms="7589" status="PASS">
          <reporter-output>
          </reporter-output>
        </test-method> <!-- testmethod -->
      </class> <!-- com.dockerjenkinsmaven.www.tests.homeTest -->
    </test> <!-- Test -->
  </suite> <!-- Suite -->
</testng-results>
